time=2025-08-23T12:02:58.767+01:00 level=INFO msg="Compiling Skins"
time=2025-08-23T12:02:58.767+01:00 level=INFO msg="Removed from pages directory" pages=../compiled/pages
time=2025-08-23T12:02:58.767+01:00 level=INFO msg="Broadcasting: [Reading Skins In Directory]"
time=2025-08-23T12:02:58.767+01:00 level=INFO msg="Broadcasting: [Reading Custom Skin CSV ../custom_skins/custom_skins.csv]"
time=2025-08-23T12:02:58.768+01:00 level=DEBUG msg="SkinProcessing GetCustomSkins" "expected column width:"=7 "column width"=7
time=2025-08-23T12:02:58.768+01:00 level=DEBUG msg=processing/skinProcessing.recordToCustomSkin "record input"="size: 7, cells: [{{Saris}} {{saris.png}} {{saris_force.png}} {{saris_drone.png}} {{115}} {{46}} {{default}}]"
time=2025-08-23T12:02:58.768+01:00 level=INFO msg="Broadcasting: [default]"
time=2025-08-23T12:02:58.768+01:00 level=DEBUG msg=processing/skinProcessing.recordToCustomSkin error=<nil>
time=2025-08-23T12:02:58.768+01:00 level=INFO msg="Broadcasting: [Processing Skin: Saris saris.png]"
time=2025-08-23T12:02:58.771+01:00 level=DEBUG msg="Wrote zip file" skin=Saris
time=2025-08-23T12:02:58.771+01:00 level=DEBUG msg=processing/skinProcessing.recordToCustomSkin "record input"="size: 7, cells: [{{Orbiter}} {{orbiter.png}} {{orbiter_force.png}} {{orbiter_drone.png}} {{120}} {{40}} {{default}}]"
time=2025-08-23T12:02:58.771+01:00 level=INFO msg="Broadcasting: [default]"
time=2025-08-23T12:02:58.772+01:00 level=DEBUG msg=processing/skinProcessing.recordToCustomSkin error=<nil>
time=2025-08-23T12:02:58.772+01:00 level=INFO msg="Broadcasting: [Processing Skin: Orbiter orbiter.png]"
time=2025-08-23T12:02:58.773+01:00 level=DEBUG msg="Wrote zip file" skin=Orbiter
time=2025-08-23T12:02:58.774+01:00 level=DEBUG msg=processing/skinProcessing.recordToCustomSkin "record input"="size: 7, cells: [{{Ultra C}} {{ultra_c.png}} {{ultra_c_force.png}} {{ultra_c_drone.png}} {{115}} {{35}} {{default}}]"
time=2025-08-23T12:02:58.774+01:00 level=INFO msg="Broadcasting: [default]"
time=2025-08-23T12:02:58.774+01:00 level=DEBUG msg=processing/skinProcessing.recordToCustomSkin error=<nil>
time=2025-08-23T12:02:58.774+01:00 level=INFO msg="Broadcasting: [Processing Skin: Ultra C ultra_c.png]"
time=2025-08-23T12:02:58.776+01:00 level=DEBUG msg="Wrote zip file" skin="Ultra C"
time=2025-08-23T12:02:58.776+01:00 level=DEBUG msg=processing/skinProcessing.recordToCustomSkin "record input"="size: 7, cells: [{{Freefall}} {{freefall.png}} {{freefall_force.png}} {{freefall_drone.png}} {{152}} {{40}} {{akaevertone}}]"
time=2025-08-23T12:02:58.776+01:00 level=INFO msg="Broadcasting: [akaevertone]"
time=2025-08-23T12:02:58.776+01:00 level=DEBUG msg=processing/skinProcessing.recordToCustomSkin error=<nil>
time=2025-08-23T12:02:58.776+01:00 level=INFO msg="Broadcasting: [Processing Skin: Freefall freefall.png]"
time=2025-08-23T12:02:58.779+01:00 level=DEBUG msg="Wrote zip file" skin=Freefall
time=2025-08-23T12:02:58.779+01:00 level=DEBUG msg=processing/skinProcessing.recordToCustomSkin "record input"="size: 7, cells: [{{Lobstar}} {{lobstar.png}} {{lobstar_frame.png}} {{lobstar_drone.png}} {{180}} {{45}} {{_capstone}}]"
time=2025-08-23T12:02:58.779+01:00 level=INFO msg="Broadcasting: [_capstone]"
time=2025-08-23T12:02:58.779+01:00 level=DEBUG msg=processing/skinProcessing.recordToCustomSkin error=<nil>
time=2025-08-23T12:02:58.779+01:00 level=INFO msg="Broadcasting: [Processing Skin: Lobstar lobstar.png]"
time=2025-08-23T12:02:58.782+01:00 level=DEBUG msg="Wrote zip file" skin=Lobstar
time=2025-08-23T12:02:58.782+01:00 level=DEBUG msg=processing/skinProcessing.recordToCustomSkin "record input"="size: 7, cells: [{{PINGAS}} {{PINGAS_body.png}} {{PINGAS_force.png}} {{}} {{180}} {{20}} {{waypastfuture}}]"
time=2025-08-23T12:02:58.782+01:00 level=INFO msg="Broadcasting: [waypastfuture]"
time=2025-08-23T12:02:58.782+01:00 level=DEBUG msg=processing/skinProcessing.recordToCustomSkin error=<nil>
time=2025-08-23T12:02:58.782+01:00 level=INFO msg="Broadcasting: [Processing Skin: PINGAS PINGAS_body.png]"
time=2025-08-23T12:02:58.784+01:00 level=DEBUG msg="Wrote zip file" skin=PINGAS
time=2025-08-23T12:02:58.784+01:00 level=DEBUG msg=processing/skinProcessing.recordToCustomSkin "record input"="size: 7, cells: [{{Skogul}} {{skogul.png}} {{skogul_force.png}} {{skogul_drone.png}} {{115}} {{45}} {{dragonstrive}}]"
time=2025-08-23T12:02:58.784+01:00 level=INFO msg="Broadcasting: [dragonstrive]"
time=2025-08-23T12:02:58.784+01:00 level=DEBUG msg=processing/skinProcessing.recordToCustomSkin error=<nil>
time=2025-08-23T12:02:58.784+01:00 level=INFO msg="Broadcasting: [Processing Skin: Skogul skogul.png]"
time=2025-08-23T12:02:58.788+01:00 level=DEBUG msg="Wrote zip file" skin=Skogul
time=2025-08-23T12:02:58.788+01:00 level=DEBUG msg=processing/skinProcessing.recordToCustomSkin "record input"="size: 7, cells: [{{Lance}} {{lance.png}} {{lance_force.png}} {{}} {{40}} {{}} {{roborogue}}]"
time=2025-08-23T12:02:58.789+01:00 level=INFO msg="Broadcasting: [roborogue]"
time=2025-08-23T12:02:58.789+01:00 level=DEBUG msg=processing/skinProcessing.recordToCustomSkin error=<nil>
time=2025-08-23T12:02:58.789+01:00 level=INFO msg="Broadcasting: [Processing Skin: Lance lance.png]"
time=2025-08-23T12:02:58.791+01:00 level=DEBUG msg="Wrote zip file" skin=Lance
time=2025-08-23T12:02:58.791+01:00 level=DEBUG msg=processing/skinProcessing.recordToCustomSkin "record input"="size: 7, cells: [{{Thunderax}} {{thunderax.png}} {{thunderax.png}} {{}} {{}} {{}} {{roborogue}}]"
time=2025-08-23T12:02:58.792+01:00 level=INFO msg="Broadcasting: [roborogue]"
time=2025-08-23T12:02:58.792+01:00 level=DEBUG msg=processing/skinProcessing.recordToCustomSkin error=<nil>
time=2025-08-23T12:02:58.792+01:00 level=INFO msg="Broadcasting: [Processing Skin: Thunderax thunderax.png]"
time=2025-08-23T12:02:58.794+01:00 level=DEBUG msg="Wrote zip file" skin=Thunderax
time=2025-08-23T12:02:58.795+01:00 level=DEBUG msg=processing/skinProcessing.recordToCustomSkin "record input"="size: 7, cells: [{{Dragon}} {{dragon.png}} {{dragon_force.png}} {{}} {{}} {{}} {{roborogue}}]"
time=2025-08-23T12:02:58.795+01:00 level=INFO msg="Broadcasting: [roborogue]"
time=2025-08-23T12:02:58.795+01:00 level=DEBUG msg=processing/skinProcessing.recordToCustomSkin error=<nil>
time=2025-08-23T12:02:58.795+01:00 level=INFO msg="Broadcasting: [Processing Skin: Dragon dragon.png]"
time=2025-08-23T12:02:58.797+01:00 level=DEBUG msg="Wrote zip file" skin=Dragon
time=2025-08-23T12:02:58.797+01:00 level=DEBUG msg=processing/skinProcessing.recordToCustomSkin "record input"="size: 7, cells: [{{Spike}} {{spike.png}} {{spike_force.png}} {{spike_drone.png}} {{125}} {{35}} {{hadiros}}]"
time=2025-08-23T12:02:58.798+01:00 level=INFO msg="Broadcasting: [hadiros]"
time=2025-08-23T12:02:58.798+01:00 level=DEBUG msg=processing/skinProcessing.recordToCustomSkin error=<nil>
time=2025-08-23T12:02:58.799+01:00 level=INFO msg="Broadcasting: [Processing Skin: Spike spike.png]"
time=2025-08-23T12:02:58.801+01:00 level=DEBUG msg="Wrote zip file" skin=Spike
time=2025-08-23T12:02:58.801+01:00 level=DEBUG msg=processing/skinProcessing.recordToCustomSkin "record input"="size: 7, cells: [{{Pinch}} {{pinch.png}} {{pinch_force.png}} {{pinch_drone.png}} {{140}} {{35}} {{hadiros}}]"
time=2025-08-23T12:02:58.802+01:00 level=INFO msg="Broadcasting: [hadiros]"
time=2025-08-23T12:02:58.802+01:00 level=DEBUG msg=processing/skinProcessing.recordToCustomSkin error=<nil>
time=2025-08-23T12:02:58.802+01:00 level=INFO msg="Broadcasting: [Processing Skin: Pinch pinch.png]"
time=2025-08-23T12:02:58.804+01:00 level=DEBUG msg="Wrote zip file" skin=Pinch
time=2025-08-23T12:02:58.804+01:00 level=DEBUG msg=processing/skinProcessing.recordToCustomSkin "record input"="size: 7, cells: [{{Celes}} {{celes.png}} {{celes_force.png}} {{celes_drone.png}} {{110}} {{25}} {{cinnamimitime}}]"
time=2025-08-23T12:02:58.805+01:00 level=INFO msg="Broadcasting: [cinnamimitime]"
time=2025-08-23T12:02:58.805+01:00 level=DEBUG msg=processing/skinProcessing.recordToCustomSkin error=<nil>
time=2025-08-23T12:02:58.805+01:00 level=INFO msg="Broadcasting: [Processing Skin: Celes celes.png]"
time=2025-08-23T12:02:58.807+01:00 level=DEBUG msg="Wrote zip file" skin=Celes
time=2025-08-23T12:02:58.807+01:00 level=DEBUG msg=processing/skinProcessing.recordToCustomSkin "record input"="size: 7, cells: [{{Perseus}} {{Perseus.png}} {{Perseus_force.png}} {{Perseus_drone.png}} {{160}} {{50}} {{addisonsynth xorloth}}]"
time=2025-08-23T12:02:58.807+01:00 level=INFO msg="Broadcasting: [addisonsynth xorloth]"
time=2025-08-23T12:02:58.807+01:00 level=DEBUG msg=processing/skinProcessing.recordToCustomSkin error=<nil>
time=2025-08-23T12:02:58.807+01:00 level=INFO msg="Broadcasting: [Processing Skin: Perseus Perseus.png]"
time=2025-08-23T12:02:58.810+01:00 level=DEBUG msg="Wrote zip file" skin=Perseus
time=2025-08-23T12:02:58.810+01:00 level=DEBUG msg=processing/skinProcessing.recordToCustomSkin "record input"="size: 7, cells: [{{Lightning}} {{Lightning.png}} {{Lightning_force.png}} {{Lightning_drone.png}} {{180}} {{30}} {{addisonsynth xorloth}}]"
time=2025-08-23T12:02:58.811+01:00 level=INFO msg="Broadcasting: [addisonsynth xorloth]"
time=2025-08-23T12:02:58.811+01:00 level=DEBUG msg=processing/skinProcessing.recordToCustomSkin error=<nil>
time=2025-08-23T12:02:58.811+01:00 level=INFO msg="Broadcasting: [Processing Skin: Lightning Lightning.png]"
time=2025-08-23T12:02:58.814+01:00 level=DEBUG msg="Wrote zip file" skin=Lightning
time=2025-08-23T12:02:58.814+01:00 level=DEBUG msg=processing/skinProcessing.recordToCustomSkin "record input"="size: 7, cells: [{{Warden}} {{Warden.png}} {{Warden_force.png}} {{Warden_drone.png}} {{0}} {{0}} {{addisonsynth xorloth}}]"
time=2025-08-23T12:02:58.815+01:00 level=INFO msg="Broadcasting: [addisonsynth xorloth]"
time=2025-08-23T12:02:58.815+01:00 level=DEBUG msg=processing/skinProcessing.recordToCustomSkin error=<nil>
time=2025-08-23T12:02:58.815+01:00 level=INFO msg="Broadcasting: [Processing Skin: Warden Warden.png]"
time=2025-08-23T12:02:58.818+01:00 level=DEBUG msg="Wrote zip file" skin=Warden
time=2025-08-23T12:02:58.818+01:00 level=DEBUG msg=processing/skinProcessing.recordToCustomSkin "record input"="size: 7, cells: [{{Windseeker}} {{windseeker.png}} {{windseeker_force.png}} {{windseeker_drone.png}} {{110}} {{20}} {{anthraax}}]"
time=2025-08-23T12:02:58.818+01:00 level=INFO msg="Broadcasting: [anthraax]"
time=2025-08-23T12:02:58.818+01:00 level=DEBUG msg=processing/skinProcessing.recordToCustomSkin error=<nil>
time=2025-08-23T12:02:58.818+01:00 level=INFO msg="Broadcasting: [Processing Skin: Windseeker windseeker.png]"
time=2025-08-23T12:02:58.821+01:00 level=DEBUG msg="Wrote zip file" skin=Windseeker
time=2025-08-23T12:02:58.821+01:00 level=DEBUG msg=processing/skinProcessing.recordToCustomSkin "record input"="size: 7, cells: [{{Onslaught}} {{Onslaught.png}} {{Onslaught_force.png}} {{Onslaught_drone.png}} {{140}} {{45}} {{addisonsynth xorloth}}]"
time=2025-08-23T12:02:58.821+01:00 level=INFO msg="Broadcasting: [addisonsynth xorloth]"
time=2025-08-23T12:02:58.821+01:00 level=DEBUG msg=processing/skinProcessing.recordToCustomSkin error=<nil>
time=2025-08-23T12:02:58.821+01:00 level=INFO msg="Broadcasting: [Processing Skin: Onslaught Onslaught.png]"
time=2025-08-23T12:02:58.825+01:00 level=DEBUG msg="Wrote zip file" skin=Onslaught
time=2025-08-23T12:02:58.826+01:00 level=DEBUG msg=processing/skinProcessing.recordToCustomSkin "record input"="size: 7, cells: [{{Artillery}} {{Artillery.png}} {{Artillery_force.png}} {{Artillery_drone.png}} {{150}} {{40}} {{addisonsynth xorloth}}]"
time=2025-08-23T12:02:58.826+01:00 level=INFO msg="Broadcasting: [addisonsynth xorloth]"
time=2025-08-23T12:02:58.826+01:00 level=DEBUG msg=processing/skinProcessing.recordToCustomSkin error=<nil>
time=2025-08-23T12:02:58.826+01:00 level=INFO msg="Broadcasting: [Processing Skin: Artillery Artillery.png]"
time=2025-08-23T12:02:58.830+01:00 level=DEBUG msg="Wrote zip file" skin=Artillery
time=2025-08-23T12:02:58.830+01:00 level=DEBUG msg=processing/skinProcessing.recordToCustomSkin "record input"="size: 7, cells: [{{Deconstructor}} {{Deconstructor.png}} {{Deconstructor_force.png}} {{Deconstructor_drone.png}} {{155}} {{42}} {{addisonsynth xorloth}}]"
time=2025-08-23T12:02:58.830+01:00 level=INFO msg="Broadcasting: [addisonsynth xorloth]"
time=2025-08-23T12:02:58.831+01:00 level=DEBUG msg=processing/skinProcessing.recordToCustomSkin error=<nil>
time=2025-08-23T12:02:58.831+01:00 level=INFO msg="Broadcasting: [Processing Skin: Deconstructor Deconstructor.png]"
time=2025-08-23T12:02:58.834+01:00 level=DEBUG msg="Wrote zip file" skin=Deconstructor
time=2025-08-23T12:02:58.834+01:00 level=DEBUG msg=processing/skinProcessing.recordToCustomSkin "record input"="size: 7, cells: [{{Engineer}} {{engineer.png}} {{engineer_frame.png}} {{engineer_drone.png}} {{60}} {{35}} {{_capstone}}]"
time=2025-08-23T12:02:58.834+01:00 level=INFO msg="Broadcasting: [_capstone]"
time=2025-08-23T12:02:58.834+01:00 level=DEBUG msg=processing/skinProcessing.recordToCustomSkin error=<nil>
time=2025-08-23T12:02:58.834+01:00 level=INFO msg="Broadcasting: [Processing Skin: Engineer engineer.png]"
time=2025-08-23T12:02:58.836+01:00 level=DEBUG msg="Wrote zip file" skin=Engineer
time=2025-08-23T12:02:58.836+01:00 level=DEBUG msg=processing/skinProcessing.recordToCustomSkin "record input"="size: 7, cells: [{{Balm}} {{balm.png}} {{balm_force.png}} {{balm_drone.png}} {{160}} {{30}} {{cinnamimitime}}]"
time=2025-08-23T12:02:58.836+01:00 level=INFO msg="Broadcasting: [cinnamimitime]"
time=2025-08-23T12:02:58.836+01:00 level=DEBUG msg=processing/skinProcessing.recordToCustomSkin error=<nil>
time=2025-08-23T12:02:58.836+01:00 level=INFO msg="Broadcasting: [Processing Skin: Balm balm.png]"
time=2025-08-23T12:02:58.839+01:00 level=DEBUG msg="Wrote zip file" skin=Balm
time=2025-08-23T12:02:58.839+01:00 level=DEBUG msg=processing/skinProcessing.recordToCustomSkin "record input"="size: 7, cells: [{{Scimitar}} {{scimitar.png}} {{scimitar_force.png}} {{scimitar_drone.png}} {{140}} {{50}} {{fauix}}]"
time=2025-08-23T12:02:58.839+01:00 level=INFO msg="Broadcasting: [fauix]"
time=2025-08-23T12:02:58.839+01:00 level=DEBUG msg=processing/skinProcessing.recordToCustomSkin error=<nil>
time=2025-08-23T12:02:58.840+01:00 level=INFO msg="Broadcasting: [Processing Skin: Scimitar scimitar.png]"
time=2025-08-23T12:02:58.842+01:00 level=DEBUG msg="Wrote zip file" skin=Scimitar
time=2025-08-23T12:02:58.842+01:00 level=DEBUG msg=processing/skinProcessing.recordToCustomSkin "record input"="size: 7, cells: [{{SE}} {{SEbody.png}} {{SEforce.png}} {{}} {{0}} {{30}} {{tempest153}}]"
time=2025-08-23T12:02:58.842+01:00 level=INFO msg="Broadcasting: [tempest153]"
time=2025-08-23T12:02:58.842+01:00 level=DEBUG msg=processing/skinProcessing.recordToCustomSkin error=<nil>
time=2025-08-23T12:02:58.842+01:00 level=INFO msg="Broadcasting: [Processing Skin: SE SEbody.png]"
time=2025-08-23T12:02:58.845+01:00 level=DEBUG msg="Wrote zip file" skin=SE
time=2025-08-23T12:02:58.845+01:00 level=DEBUG msg=processing/skinProcessing.recordToCustomSkin "record input"="size: 7, cells: [{{BAD}} {{BAD.png}} {{BAD_force.png}} {{BAD_drone.png}} {{140}} {{50}} {{addisonsynth xorloth}}]"
time=2025-08-23T12:02:58.845+01:00 level=INFO msg="Broadcasting: [addisonsynth xorloth]"
time=2025-08-23T12:02:58.845+01:00 level=DEBUG msg=processing/skinProcessing.recordToCustomSkin error=<nil>
time=2025-08-23T12:02:58.845+01:00 level=INFO msg="Broadcasting: [Processing Skin: BAD BAD.png]"
time=2025-08-23T12:02:58.849+01:00 level=DEBUG msg="Wrote zip file" skin=BAD
time=2025-08-23T12:02:58.849+01:00 level=DEBUG msg=processing/skinProcessing.recordToCustomSkin "record input"="size: 7, cells: [{{Lanius Cruiser}} {{LC.png}} {{LC_force.png}} {{LC_drone.png}} {{145}} {{40}} {{addisonsynth xorloth}}]"
time=2025-08-23T12:02:58.849+01:00 level=INFO msg="Broadcasting: [addisonsynth xorloth]"
time=2025-08-23T12:02:58.849+01:00 level=DEBUG msg=processing/skinProcessing.recordToCustomSkin error=<nil>
time=2025-08-23T12:02:58.849+01:00 level=INFO msg="Broadcasting: [Processing Skin: Lanius Cruiser LC.png]"
time=2025-08-23T12:02:58.854+01:00 level=DEBUG msg="Wrote zip file" skin="Lanius Cruiser"
time=2025-08-23T12:02:58.854+01:00 level=DEBUG msg=processing/skinProcessing.recordToCustomSkin "record input"="size: 7, cells: [{{Tracer}} {{Tracer.png}} {{Tracer_force.png}} {{}} {{0}} {{0}} {{redcapricorn}}]"
time=2025-08-23T12:02:58.855+01:00 level=INFO msg="Broadcasting: [redcapricorn]"
time=2025-08-23T12:02:58.855+01:00 level=DEBUG msg=processing/skinProcessing.recordToCustomSkin error=<nil>
time=2025-08-23T12:02:58.855+01:00 level=INFO msg="Broadcasting: [Processing Skin: Tracer Tracer.png]"
time=2025-08-23T12:02:58.857+01:00 level=DEBUG msg="Wrote zip file" skin=Tracer
time=2025-08-23T12:02:58.857+01:00 level=DEBUG msg=processing/skinProcessing.recordToCustomSkin "record input"="size: 7, cells: [{{Divine Avenger}} {{divineavenger.png}} {{divineavenger_force.png}} {{}} {{180}} {{160}} {{countblaugh}}]"
time=2025-08-23T12:02:58.857+01:00 level=INFO msg="Broadcasting: [countblaugh]"
time=2025-08-23T12:02:58.857+01:00 level=DEBUG msg=processing/skinProcessing.recordToCustomSkin error=<nil>
time=2025-08-23T12:02:58.857+01:00 level=INFO msg="Broadcasting: [Processing Skin: Divine Avenger divineavenger.png]"
time=2025-08-23T12:02:58.859+01:00 level=DEBUG msg="Wrote zip file" skin="Divine Avenger"
time=2025-08-23T12:02:58.859+01:00 level=DEBUG msg=processing/skinProcessing.recordToCustomSkin "record input"="size: 7, cells: [{{Pew}} {{pewsquared.png}} {{pewsquared_force.png}} {{}} {{155}} {{35}} {{miss_mediocre}}]"
time=2025-08-23T12:02:58.859+01:00 level=INFO msg="Broadcasting: [miss_mediocre]"
time=2025-08-23T12:02:58.859+01:00 level=DEBUG msg=processing/skinProcessing.recordToCustomSkin error=<nil>
time=2025-08-23T12:02:58.859+01:00 level=INFO msg="Broadcasting: [Processing Skin: Pew pewsquared.png]"
time=2025-08-23T12:02:58.860+01:00 level=DEBUG msg="Wrote zip file" skin=Pew
time=2025-08-23T12:02:58.860+01:00 level=DEBUG msg=processing/skinProcessing.recordToCustomSkin "record input"="size: 7, cells: [{{Wyvern}} {{WyvernBody.png}} {{WyvernForce.png}} {{}} {{115}} {{46}} {{tempest153}}]"
time=2025-08-23T12:02:58.860+01:00 level=INFO msg="Broadcasting: [tempest153]"
time=2025-08-23T12:02:58.860+01:00 level=DEBUG msg=processing/skinProcessing.recordToCustomSkin error=<nil>
time=2025-08-23T12:02:58.860+01:00 level=INFO msg="Broadcasting: [Processing Skin: Wyvern WyvernBody.png]"
time=2025-08-23T12:02:58.862+01:00 level=DEBUG msg="Wrote zip file" skin=Wyvern
time=2025-08-23T12:02:58.862+01:00 level=DEBUG msg=processing/skinProcessing.recordToCustomSkin "record input"="size: 7, cells: [{{Millenium Falcon}} {{millenium_falcon.png}} {{millenium_falcon_force.png}} {{millenium_falcon_drone.png}} {{180}} {{50}} {{_ltw}}]"
time=2025-08-23T12:02:58.863+01:00 level=INFO msg="Broadcasting: [_ltw]"
time=2025-08-23T12:02:58.863+01:00 level=DEBUG msg=processing/skinProcessing.recordToCustomSkin error=<nil>
time=2025-08-23T12:02:58.863+01:00 level=INFO msg="Broadcasting: [Processing Skin: Millenium Falcon millenium_falcon.png]"
time=2025-08-23T12:02:58.866+01:00 level=DEBUG msg="Wrote zip file" skin="Millenium Falcon"
time=2025-08-23T12:02:58.866+01:00 level=DEBUG msg=processing/skinProcessing.recordToCustomSkin "record input"="size: 7, cells: [{{Curvewing}} {{curvewing.png}} {{curvewing_force.png}} {{curvewing_drone.png}} {{142}} {{31}} {{hadiros}}]"
time=2025-08-23T12:02:58.866+01:00 level=INFO msg="Broadcasting: [hadiros]"
time=2025-08-23T12:02:58.866+01:00 level=DEBUG msg=processing/skinProcessing.recordToCustomSkin error=<nil>
time=2025-08-23T12:02:58.866+01:00 level=INFO msg="Broadcasting: [Processing Skin: Curvewing curvewing.png]"
time=2025-08-23T12:02:58.868+01:00 level=DEBUG msg="Wrote zip file" skin=Curvewing
time=2025-08-23T12:02:58.868+01:00 level=DEBUG msg=processing/skinProcessing.recordToCustomSkin "record input"="size: 7, cells: [{{Beholder}} {{Behold.png}} {{Behold_force.png}} {{Behold_drone.png}} {{}} {{}} {{hungrygremlin}}]"
time=2025-08-23T12:02:58.868+01:00 level=INFO msg="Broadcasting: [hungrygremlin]"
time=2025-08-23T12:02:58.868+01:00 level=DEBUG msg=processing/skinProcessing.recordToCustomSkin error=<nil>
time=2025-08-23T12:02:58.868+01:00 level=INFO msg="Broadcasting: [Processing Skin: Beholder Behold.png]"
time=2025-08-23T12:02:58.871+01:00 level=DEBUG msg="Wrote zip file" skin=Beholder
time=2025-08-23T12:02:58.871+01:00 level=DEBUG msg=processing/skinProcessing.recordToCustomSkin "record input"="size: 7, cells: [{{Razorflight}} {{razorflight.png}} {{razorflight_force.png}} {{}} {{50}} {{100}} {{hadiros}}]"
time=2025-08-23T12:02:58.871+01:00 level=INFO msg="Broadcasting: [hadiros]"
time=2025-08-23T12:02:58.871+01:00 level=DEBUG msg=processing/skinProcessing.recordToCustomSkin error=<nil>
time=2025-08-23T12:02:58.871+01:00 level=INFO msg="Broadcasting: [Processing Skin: Razorflight razorflight.png]"
time=2025-08-23T12:02:58.873+01:00 level=DEBUG msg="Wrote zip file" skin=Razorflight
time=2025-08-23T12:02:58.873+01:00 level=DEBUG msg=processing/skinProcessing.recordToCustomSkin "record input"="size: 7, cells: [{{Squidship}} {{Squidship.png}} {{Squidship_force.png}} {{Squidship_drone.png}} {{}} {{}} {{hungrygremlin}}]"
time=2025-08-23T12:02:58.873+01:00 level=INFO msg="Broadcasting: [hungrygremlin]"
time=2025-08-23T12:02:58.873+01:00 level=DEBUG msg=processing/skinProcessing.recordToCustomSkin error=<nil>
time=2025-08-23T12:02:58.873+01:00 level=INFO msg="Broadcasting: [Processing Skin: Squidship Squidship.png]"
time=2025-08-23T12:02:58.875+01:00 level=DEBUG msg="Wrote zip file" skin=Squidship
time=2025-08-23T12:02:58.875+01:00 level=DEBUG msg=processing/skinProcessing.recordToCustomSkin "record input"="size: 7, cells: [{{Executor}} {{Executor.png}} {{Executor_Force.png}} {{}} {{1}} {{135}} {{ceris5}}]"
time=2025-08-23T12:02:58.875+01:00 level=INFO msg="Broadcasting: [ceris5]"
time=2025-08-23T12:02:58.875+01:00 level=DEBUG msg=processing/skinProcessing.recordToCustomSkin error=<nil>
time=2025-08-23T12:02:58.875+01:00 level=INFO msg="Broadcasting: [Processing Skin: Executor Executor.png]"
time=2025-08-23T12:02:58.877+01:00 level=DEBUG msg="Wrote zip file" skin=Executor
time=2025-08-23T12:02:58.877+01:00 level=DEBUG msg=processing/skinProcessing.recordToCustomSkin "record input"="size: 7, cells: [{{Jester}} {{Jester.png}} {{Jester_force.png}} {{Jester_drone.png}} {{0}} {{0}} {{addisonsynth}}]"
time=2025-08-23T12:02:58.878+01:00 level=INFO msg="Broadcasting: [addisonsynth]"
time=2025-08-23T12:02:58.878+01:00 level=DEBUG msg=processing/skinProcessing.recordToCustomSkin error=<nil>
time=2025-08-23T12:02:58.878+01:00 level=INFO msg="Broadcasting: [Processing Skin: Jester Jester.png]"
time=2025-08-23T12:02:58.881+01:00 level=DEBUG msg="Wrote zip file" skin=Jester
time=2025-08-23T12:02:58.881+01:00 level=DEBUG msg=processing/skinProcessing.recordToCustomSkin "record input"="size: 7, cells: [{{Eater of Worlds}} {{eater_of_worlds.png}} {{eater_of_worlds_force.png}} {{eater_of_worlds_drone.png}} {{181}} {{40}} {{hadiros}}]"
time=2025-08-23T12:02:58.882+01:00 level=INFO msg="Broadcasting: [hadiros]"
time=2025-08-23T12:02:58.882+01:00 level=DEBUG msg=processing/skinProcessing.recordToCustomSkin error=<nil>
time=2025-08-23T12:02:58.882+01:00 level=INFO msg="Broadcasting: [Processing Skin: Eater of Worlds eater_of_worlds.png]"
time=2025-08-23T12:02:58.883+01:00 level=DEBUG msg="Wrote zip file" skin="Eater of Worlds"
time=2025-08-23T12:02:58.883+01:00 level=DEBUG msg=processing/skinProcessing.recordToCustomSkin "record input"="size: 7, cells: [{{Lancer}} {{lancer.png}} {{lancer_force.png}} {{lancer_drone.png}} {{0}} {{0}} {{splathero}}]"
time=2025-08-23T12:02:58.884+01:00 level=INFO msg="Broadcasting: [splathero]"
time=2025-08-23T12:02:58.884+01:00 level=DEBUG msg=processing/skinProcessing.recordToCustomSkin error=<nil>
time=2025-08-23T12:02:58.884+01:00 level=INFO msg="Broadcasting: [Processing Skin: Lancer lancer.png]"
time=2025-08-23T12:02:58.885+01:00 level=DEBUG msg="Wrote zip file" skin=Lancer
time=2025-08-23T12:02:58.885+01:00 level=DEBUG msg=processing/skinProcessing.recordToCustomSkin "record input"="size: 7, cells: [{{The Devil}} {{devil.png}} {{devil_force.png}} {{heart_mite.png}} {{}} {{}} {{babaint}}]"
time=2025-08-23T12:02:58.885+01:00 level=INFO msg="Broadcasting: [babaint]"
time=2025-08-23T12:02:58.885+01:00 level=DEBUG msg=processing/skinProcessing.recordToCustomSkin error=<nil>
time=2025-08-23T12:02:58.885+01:00 level=INFO msg="Broadcasting: [Processing Skin: The Devil devil.png]"
time=2025-08-23T12:02:58.886+01:00 level=DEBUG msg="Wrote zip file" skin="The Devil"
time=2025-08-23T12:02:58.886+01:00 level=DEBUG msg=processing/skinProcessing.recordToCustomSkin "record input"="size: 7, cells: [{{Poly}} {{poly.png}} {{poly_force.png}} {{poly_drone.png}} {{0}} {{-45}} {{splathero}}]"
time=2025-08-23T12:02:58.886+01:00 level=INFO msg="Broadcasting: [splathero]"
time=2025-08-23T12:02:58.886+01:00 level=DEBUG msg=processing/skinProcessing.recordToCustomSkin error=<nil>
time=2025-08-23T12:02:58.886+01:00 level=INFO msg="Broadcasting: [Processing Skin: Poly poly.png]"
time=2025-08-23T12:02:58.888+01:00 level=DEBUG msg="Wrote zip file" skin=Poly
time=2025-08-23T12:02:58.888+01:00 level=DEBUG msg=processing/skinProcessing.recordToCustomSkin "record input"="size: 7, cells: [{{Gyaraga}} {{GalagaShip.png}} {{GalagaShipShield.png}} {{}} {{90}} {{35}} {{evelo}}]"
time=2025-08-23T12:02:58.888+01:00 level=INFO msg="Broadcasting: [evelo]"
time=2025-08-23T12:02:58.888+01:00 level=DEBUG msg=processing/skinProcessing.recordToCustomSkin error=<nil>
time=2025-08-23T12:02:58.888+01:00 level=INFO msg="Broadcasting: [Processing Skin: Gyaraga GalagaShip.png]"
time=2025-08-23T12:02:58.890+01:00 level=DEBUG msg="Wrote zip file" skin=Gyaraga
time=2025-08-23T12:02:58.890+01:00 level=DEBUG msg=processing/skinProcessing.recordToCustomSkin "record input"="size: 7, cells: [{{Battery}} {{battery.png}} {{battery_force.png}} {{battery.png}} {{151}} {{40}} {{winstick}}]"
time=2025-08-23T12:02:58.890+01:00 level=INFO msg="Broadcasting: [winstick]"
time=2025-08-23T12:02:58.890+01:00 level=DEBUG msg=processing/skinProcessing.recordToCustomSkin error=<nil>
time=2025-08-23T12:02:58.890+01:00 level=INFO msg="Broadcasting: [Processing Skin: Battery battery.png]"
time=2025-08-23T12:02:58.893+01:00 level=DEBUG msg="Wrote zip file" skin=Battery
time=2025-08-23T12:02:58.893+01:00 level=DEBUG msg=processing/skinProcessing.recordToCustomSkin "record input"="size: 7, cells: [{{Wraith}} {{wraith.png}} {{wraith_force.png}} {{wraith_drone.png}} {{250}} {{35}} {{digicube}}]"
time=2025-08-23T12:02:58.893+01:00 level=INFO msg="Broadcasting: [digicube]"
time=2025-08-23T12:02:58.893+01:00 level=DEBUG msg=processing/skinProcessing.recordToCustomSkin error=<nil>
time=2025-08-23T12:02:58.893+01:00 level=INFO msg="Broadcasting: [Processing Skin: Wraith wraith.png]"
time=2025-08-23T12:02:58.898+01:00 level=DEBUG msg="Wrote zip file" skin=Wraith
time=2025-08-23T12:02:58.898+01:00 level=DEBUG msg=processing/skinProcessing.recordToCustomSkin "record input"="size: 7, cells: [{{Death Star}} {{deathstar.png}} {{deathstar_force.png}} {{}} {{115}} {{20}} {{exotreus}}]"
time=2025-08-23T12:02:58.898+01:00 level=INFO msg="Broadcasting: [exotreus]"
time=2025-08-23T12:02:58.898+01:00 level=DEBUG msg=processing/skinProcessing.recordToCustomSkin error=<nil>
time=2025-08-23T12:02:58.898+01:00 level=INFO msg="Broadcasting: [Processing Skin: Death Star deathstar.png]"
time=2025-08-23T12:02:58.901+01:00 level=DEBUG msg="Wrote zip file" skin="Death Star"
time=2025-08-23T12:02:58.901+01:00 level=DEBUG msg=processing/skinProcessing.recordToCustomSkin "record input"="size: 7, cells: [{{Wasp Hive}} {{wasphive.png}} {{wasphive_force.png}} {{wasphive_drone.png}} {{178}} {{90}} {{fourpointedstar}}]"
time=2025-08-23T12:02:58.902+01:00 level=INFO msg="Broadcasting: [fourpointedstar]"
time=2025-08-23T12:02:58.902+01:00 level=DEBUG msg=processing/skinProcessing.recordToCustomSkin error=<nil>
time=2025-08-23T12:02:58.902+01:00 level=INFO msg="Broadcasting: [Processing Skin: Wasp Hive wasphive.png]"
time=2025-08-23T12:02:58.906+01:00 level=DEBUG msg="Wrote zip file" skin="Wasp Hive"
time=2025-08-23T12:02:58.906+01:00 level=DEBUG msg=processing/skinProcessing.recordToCustomSkin "record input"="size: 7, cells: [{{Wojciech Mann}} {{mann.png}} {{mann_force.png}} {{}} {{}} {{}} {{exotreus}}]"
time=2025-08-23T12:02:58.909+01:00 level=INFO msg="Broadcasting: [exotreus]"
time=2025-08-23T12:02:58.909+01:00 level=DEBUG msg=processing/skinProcessing.recordToCustomSkin error=<nil>
time=2025-08-23T12:02:58.909+01:00 level=INFO msg="Broadcasting: [Processing Skin: Wojciech Mann mann.png]"
time=2025-08-23T12:02:58.912+01:00 level=DEBUG msg="Wrote zip file" skin="Wojciech Mann"
time=2025-08-23T12:02:58.912+01:00 level=DEBUG msg=processing/skinProcessing.recordToCustomSkin "record input"="size: 7, cells: [{{Buka}} {{buka.png}} {{buka_force.png}} {{}} {{}} {{}} {{exotreus}}]"
time=2025-08-23T12:02:58.912+01:00 level=INFO msg="Broadcasting: [exotreus]"
time=2025-08-23T12:02:58.912+01:00 level=DEBUG msg=processing/skinProcessing.recordToCustomSkin error=<nil>
time=2025-08-23T12:02:58.912+01:00 level=INFO msg="Broadcasting: [Processing Skin: Buka buka.png]"
time=2025-08-23T12:02:58.913+01:00 level=DEBUG msg="Wrote zip file" skin=Buka
time=2025-08-23T12:02:58.913+01:00 level=DEBUG msg=processing/skinProcessing.recordToCustomSkin "record input"="size: 7, cells: [{{Crabbo}} {{crabbo.png}} {{crabbo.png}} {{crabbo_drone.png}} {{80}} {{105}} {{0uro6oro5}}]"
time=2025-08-23T12:02:58.913+01:00 level=INFO msg="Broadcasting: [0uro6oro5]"
time=2025-08-23T12:02:58.913+01:00 level=DEBUG msg=processing/skinProcessing.recordToCustomSkin error=<nil>
time=2025-08-23T12:02:58.913+01:00 level=INFO msg="Broadcasting: [Processing Skin: Crabbo ]"
time=2025-08-23T12:02:58.914+01:00 level=DEBUG msg="Wrote zip file" skin=Crabbo
time=2025-08-23T12:02:58.914+01:00 level=DEBUG msg=processing/skinProcessing.recordToCustomSkin "record input"="size: 7, cells: [{{avtraxi.png}} {{avtraxi_force.png}} {{avtraxi_drone.png}} {{}} {{90}} {{30}} {{ avtraxi}}]"
time=2025-08-23T12:02:58.914+01:00 level=INFO msg="Broadcasting: [ avtraxi]"
time=2025-08-23T12:02:58.914+01:00 level=DEBUG msg=processing/skinProcessing.recordToCustomSkin error=<nil>
time=2025-08-23T12:02:58.914+01:00 level=INFO msg="Broadcasting: [Processing Skin: avtraxi.png avtraxi_force.png]"
time=2025-08-23T12:02:58.915+01:00 level=DEBUG msg="Wrote zip file" skin=avtraxi.png
time=2025-08-23T12:02:58.915+01:00 level=DEBUG msg=processing/skinProcessing.recordToCustomSkin "record input"="size: 7, cells: [{{Jormungandr}} {{jormungandr_body.png}} {{jormungandr_force.png}} {{}} {{130}} {{55}} {{ avtraxi}}]"
time=2025-08-23T12:02:58.916+01:00 level=INFO msg="Broadcasting: [ avtraxi]"
time=2025-08-23T12:02:58.916+01:00 level=DEBUG msg=processing/skinProcessing.recordToCustomSkin error=<nil>
time=2025-08-23T12:02:58.916+01:00 level=INFO msg="Broadcasting: [Processing Skin: Jormungandr jormungandr_body.png]"
time=2025-08-23T12:02:58.917+01:00 level=DEBUG msg="Wrote zip file" skin=Jormungandr
time=2025-08-23T12:02:58.917+01:00 level=DEBUG msg=processing/skinProcessing.recordToCustomSkin "record input"="size: 7, cells: [{{GWclaw}} {{GWclaw.png}} {{GWclaw_force.png}} {{GWattack_drone.png}} {{87}} {{20}} {{ flu_nog_777}}]"
time=2025-08-23T12:02:58.917+01:00 level=INFO msg="Broadcasting: [ flu_nog_777]"
time=2025-08-23T12:02:58.917+01:00 level=DEBUG msg=processing/skinProcessing.recordToCustomSkin error=<nil>
time=2025-08-23T12:02:58.917+01:00 level=INFO msg="Broadcasting: [Processing Skin: GWclaw GWclaw.png]"
time=2025-08-23T12:02:58.918+01:00 level=DEBUG msg="Wrote zip file" skin=GWclaw
time=2025-08-23T12:02:58.919+01:00 level=DEBUG msg=processing/skinProcessing.recordToCustomSkin "record input"="size: 7, cells: [{{Thresher}} {{thresher.png}} {{thresher_force.png}} {{}} {{126}} {{48}} {{ hadiros}}]"
time=2025-08-23T12:02:58.919+01:00 level=INFO msg="Broadcasting: [ hadiros]"
time=2025-08-23T12:02:58.919+01:00 level=DEBUG msg=processing/skinProcessing.recordToCustomSkin error=<nil>
time=2025-08-23T12:02:58.919+01:00 level=INFO msg="Broadcasting: [Processing Skin: Thresher thresher.png]"
time=2025-08-23T12:02:58.921+01:00 level=DEBUG msg="Wrote zip file" skin=Thresher
time=2025-08-23T12:02:58.921+01:00 level=DEBUG msg=processing/skinProcessing.recordToCustomSkin "record input"="size: 7, cells: [{{The Pentagon}} {{pentagon.png}} {{pentagonforce.png}} {{pentagondrone.png}} {{103}} {{55}} {{ _oneleaf_}}]"
time=2025-08-23T12:02:58.921+01:00 level=INFO msg="Broadcasting: [ _oneleaf_]"
time=2025-08-23T12:02:58.921+01:00 level=DEBUG msg=processing/skinProcessing.recordToCustomSkin error=<nil>
time=2025-08-23T12:02:58.921+01:00 level=INFO msg="Broadcasting: [Processing Skin: The Pentagon pentagon.png]"
time=2025-08-23T12:02:58.922+01:00 level=DEBUG msg="Wrote zip file" skin="The Pentagon"
time=2025-08-23T12:02:58.923+01:00 level=DEBUG msg=processing/skinProcessing.recordToCustomSkin "record input"="size: 7, cells: [{{Ophanim}} {{ophanim.png}} {{ophanim_force.png}} {{ophanim_drone.png}} {{155}} {{33}} {{ fourpointedstar}}]"
time=2025-08-23T12:02:58.923+01:00 level=INFO msg="Broadcasting: [ fourpointedstar]"
time=2025-08-23T12:02:58.923+01:00 level=DEBUG msg=processing/skinProcessing.recordToCustomSkin error=<nil>
time=2025-08-23T12:02:58.923+01:00 level=INFO msg="Broadcasting: [Processing Skin: Ophanim ophanim.png]"
time=2025-08-23T12:02:58.926+01:00 level=DEBUG msg="Wrote zip file" skin=Ophanim
time=2025-08-23T12:02:58.926+01:00 level=DEBUG msg=processing/skinProcessing.recordToCustomSkin "record input"="size: 7, cells: [{{Inferno}} {{inferno.png}} {{inferno_force.png}} {{inferno_drone.png}} {{0}} {{0}} {{ apoligen}}]"
time=2025-08-23T12:02:58.927+01:00 level=INFO msg="Broadcasting: [ apoligen]"
time=2025-08-23T12:02:58.927+01:00 level=DEBUG msg=processing/skinProcessing.recordToCustomSkin error=<nil>
time=2025-08-23T12:02:58.927+01:00 level=INFO msg="Broadcasting: [Processing Skin: Inferno inferno.png]"
time=2025-08-23T12:02:58.931+01:00 level=DEBUG msg="Wrote zip file" skin=Inferno
time=2025-08-23T12:02:58.931+01:00 level=DEBUG msg=processing/skinProcessing.recordToCustomSkin "record input"="size: 7, cells: [{{Cherub}} {{cherub.png}} {{cherub_force.png}} {{cherub_drone.png}} {{0}} {{0}} {{ 0uro6oro5}}]"
time=2025-08-23T12:02:58.932+01:00 level=INFO msg="Broadcasting: [ 0uro6oro5]"
time=2025-08-23T12:02:58.932+01:00 level=DEBUG msg=processing/skinProcessing.recordToCustomSkin error=<nil>
time=2025-08-23T12:02:58.932+01:00 level=INFO msg="Broadcasting: [Processing Skin: Cherub cherub.png]"
time=2025-08-23T12:02:58.937+01:00 level=DEBUG msg="Wrote zip file" skin=Cherub
time=2025-08-23T12:02:58.937+01:00 level=DEBUG msg=processing/skinProcessing.recordToCustomSkin "record input"="size: 7, cells: [{{XS-01 Artemis}} {{XS_01_Artemis_Body.png}} {{XS_01_Artemis_Shield.png}} {{}} {{120}} {{0}} {{ xuany08}}]"
time=2025-08-23T12:02:58.937+01:00 level=INFO msg="Broadcasting: [ xuany08]"
time=2025-08-23T12:02:58.937+01:00 level=DEBUG msg=processing/skinProcessing.recordToCustomSkin error=<nil>
time=2025-08-23T12:02:58.937+01:00 level=INFO msg="Broadcasting: [Processing Skin: XS-01 Artemis XS_01_Artemis_Body.png]"
time=2025-08-23T12:02:58.939+01:00 level=DEBUG msg="Wrote zip file" skin="XS-01 Artemis"
time=2025-08-23T12:02:58.939+01:00 level=DEBUG msg=processing/skinProcessing.recordToCustomSkin "record input"="size: 7, cells: [{{Warforge}} {{warforge.png}} {{warforge_force.png}} {{warforge_drone.png}} {{}} {{}} {{ tempest153}}]"
time=2025-08-23T12:02:58.939+01:00 level=INFO msg="Broadcasting: [ tempest153]"
time=2025-08-23T12:02:58.939+01:00 level=DEBUG msg=processing/skinProcessing.recordToCustomSkin error=<nil>
time=2025-08-23T12:02:58.939+01:00 level=INFO msg="Broadcasting: [Processing Skin: Warforge warforge.png]"
time=2025-08-23T12:02:58.942+01:00 level=DEBUG msg="Wrote zip file" skin=Warforge
time=2025-08-23T12:02:58.942+01:00 level=DEBUG msg=processing/skinProcessing.recordToCustomSkin "record input"="size: 7, cells: [{{Insurgent}} {{insurgent.png}} {{insurgent_force.png}} {{insurgent_drone.png}} {{115}} {{100}} {{ akaevertone}}]"
time=2025-08-23T12:02:58.943+01:00 level=INFO msg="Broadcasting: [ akaevertone]"
time=2025-08-23T12:02:58.943+01:00 level=DEBUG msg=processing/skinProcessing.recordToCustomSkin error=<nil>
time=2025-08-23T12:02:58.943+01:00 level=INFO msg="Broadcasting: [Processing Skin: Insurgent insurgent.png]"
time=2025-08-23T12:02:58.946+01:00 level=DEBUG msg="Wrote zip file" skin=Insurgent
time=2025-08-23T12:02:58.946+01:00 level=DEBUG msg=processing/skinProcessing.recordToCustomSkin "record input"="size: 7, cells: [{{Tech 15}} {{tech_15.png}} {{tech_15_force.png}} {{tech_15_drone.png}} {{120}} {{25}} {{ technomax}}]"
time=2025-08-23T12:02:58.946+01:00 level=INFO msg="Broadcasting: [ technomax]"
time=2025-08-23T12:02:58.946+01:00 level=DEBUG msg=processing/skinProcessing.recordToCustomSkin error=<nil>
time=2025-08-23T12:02:58.946+01:00 level=INFO msg="Broadcasting: [Processing Skin: Tech 15 tech_15.png]"
time=2025-08-23T12:02:58.948+01:00 level=DEBUG msg="Wrote zip file" skin="Tech 15"
time=2025-08-23T12:02:58.948+01:00 level=DEBUG msg=processing/skinProcessing.recordToCustomSkin "record input"="size: 7, cells: [{{Tesseract}} {{tesseract.png}} {{tesseract_force.png}} {{tesseract_drone.png}} {{90}} {{30}} {{ avtraxi}}]"
time=2025-08-23T12:02:58.948+01:00 level=INFO msg="Broadcasting: [ avtraxi]"
time=2025-08-23T12:02:58.948+01:00 level=DEBUG msg=processing/skinProcessing.recordToCustomSkin error=<nil>
time=2025-08-23T12:02:58.948+01:00 level=INFO msg="Broadcasting: [Processing Skin: Tesseract tesseract.png]"
time=2025-08-23T12:02:58.950+01:00 level=DEBUG msg="Wrote zip file" skin=Tesseract
time=2025-08-23T12:02:58.950+01:00 level=DEBUG msg=processing/skinProcessing.recordToCustomSkin "record input"="size: 7, cells: [{{ChitinCondition}} {{condition.png}} {{condition_force.png}} {{condition_drone.png}} {{120}} {{50}} {{ zeaaon}}]"
time=2025-08-23T12:02:58.951+01:00 level=INFO msg="Broadcasting: [ zeaaon]"
time=2025-08-23T12:02:58.951+01:00 level=DEBUG msg=processing/skinProcessing.recordToCustomSkin error=<nil>
time=2025-08-23T12:02:58.951+01:00 level=INFO msg="Broadcasting: [Processing Skin: ChitinCondition condition.png]"
time=2025-08-23T12:02:58.953+01:00 level=DEBUG msg="Wrote zip file" skin=ChitinCondition
time=2025-08-23T12:02:58.953+01:00 level=DEBUG msg=processing/skinProcessing.recordToCustomSkin "record input"="size: 7, cells: [{{Wasp}} {{wasp.png}} {{wasp_force.png}} {{wasp_drone.png}} {{140}} {{30}} {{ reginoobi}}]"
time=2025-08-23T12:02:58.954+01:00 level=INFO msg="Broadcasting: [ reginoobi]"
time=2025-08-23T12:02:58.954+01:00 level=DEBUG msg=processing/skinProcessing.recordToCustomSkin error=<nil>
time=2025-08-23T12:02:58.954+01:00 level=INFO msg="Broadcasting: [Processing Skin: Wasp wasp.png]"
time=2025-08-23T12:02:58.957+01:00 level=DEBUG msg="Wrote zip file" skin=Wasp
time=2025-08-23T12:02:58.957+01:00 level=DEBUG msg=processing/skinProcessing.recordToCustomSkin "record input"="size: 7, cells: [{{Krystallix}} {{krystallix.png}} {{krystallix_force.png}} {{krystallix_drone.png}} {{115}} {{40}} {{ krysmun}}]"
time=2025-08-23T12:02:58.957+01:00 level=INFO msg="Broadcasting: [ krysmun]"
time=2025-08-23T12:02:58.957+01:00 level=DEBUG msg=processing/skinProcessing.recordToCustomSkin error=<nil>
time=2025-08-23T12:02:58.957+01:00 level=INFO msg="Broadcasting: [Processing Skin: Krystallix krystallix.png]"
time=2025-08-23T12:02:58.960+01:00 level=DEBUG msg="Wrote zip file" skin=Krystallix
time=2025-08-23T12:02:58.960+01:00 level=DEBUG msg=processing/skinProcessing.recordToCustomSkin "record input"="size: 7, cells: [{{Minotaur}} {{minotaur.png}} {{minotaur_force.png}} {{}} {{145}} {{60}} {{twinstick}}]"
time=2025-08-23T12:02:58.960+01:00 level=INFO msg="Broadcasting: [twinstick]"
time=2025-08-23T12:02:58.960+01:00 level=DEBUG msg=processing/skinProcessing.recordToCustomSkin error=<nil>
time=2025-08-23T12:02:58.960+01:00 level=INFO msg="Broadcasting: [Processing Skin: Minotaur minotaur.png]"
time=2025-08-23T12:02:58.962+01:00 level=DEBUG msg="Wrote zip file" skin=Minotaur
time=2025-08-23T12:02:58.962+01:00 level=INFO msg="Read Custom Skin directory"
time=2025-08-23T12:02:58.962+01:00 level=INFO msg="Broadcasting: [Making Asset Pages]"
time=2025-08-23T12:02:58.962+01:00 level=INFO msg="Broadcasting: [Writing to:  ./../www/content/pages/Page_1.md]"
time=2025-08-23T12:02:58.963+01:00 level=INFO msg="Broadcasting: [Writing to:  ./../www/content/pages/Page_2.md]"
time=2025-08-23T12:02:58.963+01:00 level=INFO msg="Broadcasting: [Writing to:  ./../www/content/pages/Page_3.md]"
time=2025-08-23T12:02:58.964+01:00 level=INFO msg="Broadcasting: [Writing to:  ./../www/content/pages/Page_4.md]"
time=2025-08-23T12:02:58.986+01:00 level=INFO msg="Broadcasting: [Writing to:  ./../www/content/pages/Page_5.md]"
time=2025-08-23T12:02:58.987+01:00 level=INFO msg="Broadcasting: [Writing to:  ./../www/content/pages/Page_6.md]"
time=2025-08-23T12:02:58.987+01:00 level=INFO msg="Broadcasting: [Writing to:  ./../www/content/pages/Page_7.md]"
